#
# There is insufficient memory for the Java Runtime Environment to continue.
# Native memory allocation (malloc) failed to allocate 369264 bytes. Error detail: Chunk::new
# Possible reasons:
#   The system is out of physical RAM or swap space
#   This process is running with CompressedOops enabled, and the Java Heap may be blocking the growth of the native heap
# Possible solutions:
#   Reduce memory load on the system
#   Increase physical memory or swap space
#   Check if swap backing store is full
#   Decrease Java heap size (-Xmx/-Xms)
#   Decrease number of Java threads
#   Decrease Java thread stack sizes (-Xss)
#   Set larger code cache with -XX:ReservedCodeCacheSize=
#   JVM is running with Unscaled Compressed Oops mode in which the Java heap is
#     placed in the first 4GB address space. The Java Heap base address is the
#     maximum limit for the native heap growth. Please use -XX:HeapBaseMinAddress
#     to set the Java Heap base and to place the Java Heap above 4GB virtual address.
# This output file may be truncated or incomplete.
#
#  Out of Memory Error (arena.cpp:168), pid=13416, tid=18372
#
# JRE version: OpenJDK Runtime Environment Temurin-21.0.10+7 (21.0.10+7) (build 21.0.10+7-LTS)
# Java VM: OpenJDK 64-Bit Server VM Temurin-21.0.10+7 (21.0.10+7-LTS, mixed mode, sharing, tiered, compressed oops, compressed class ptrs, parallel gc, windows-amd64)
# No core dump will be written. Minidumps are not enabled by default on client versions of Windows
#

---------------  S U M M A R Y ------------

Command Line: --add-modules=ALL-SYSTEM --add-opens=java.base/java.util=ALL-UNNAMED --add-opens=java.base/java.lang=ALL-UNNAMED --add-opens=java.base/sun.nio.fs=ALL-UNNAMED -Declipse.application=org.eclipse.jdt.ls.core.id1 -Dosgi.bundles.defaultStartLevel=4 -Declipse.product=org.eclipse.jdt.ls.core.product -Djava.import.generatesMetadataFilesAtProjectRoot=false -DDetectVMInstallationsJob.disabled=true -Dfile.encoding=utf8 -XX:+UseParallelGC -XX:GCTimeRatio=4 -XX:AdaptiveSizePolicyWeight=90 -Dsun.zip.disableMemoryMapping=true -Xmx2G -Xms100m -Xlog:disable -javaagent:c:\Users\ACER\.vscode\extensions\redhat.java-1.54.0-win32-x64\lombok\lombok-1.18.39-4050.jar c:\Users\ACER\.vscode\extensions\redhat.java-1.54.0-win32-x64\server\plugins\org.eclipse.equinox.launcher_1.7.100.v20251111-0406.jar -configuration c:\Users\ACER\AppData\Roaming\Code\User\globalStorage\redhat.java\1.54.0\config_ss_win -data c:\Users\ACER\AppData\Roaming\Code\User\workspaceStorage\e4303cd6161268b974f721a675e31056\redhat.java\ss_ws --pipe=\\.\pipe\lsp-0c359d0d0a5d39eda96298210a98d600-sock

Host: 11th Gen Intel(R) Core(TM) i3-1115G4 @ 3.00GHz, 4 cores, 7G,  Windows 11 , 64 bit Build 26100 (10.0.26100.8246)
Time: Mon May 11 11:56:07 2026 SE Asia Standard Time elapsed time: 4.307488 seconds (0d 0h 0m 4s)

---------------  T H R E A D  ---------------

Current thread (0x000001a16d9e4400):  JavaThread "C2 CompilerThread0" daemon [_thread_in_native, id=18372, stack(0x0000008910000000,0x0000008910100000) (1024K)]


Current CompileTask:
C2:4307 1744       4       java.io.WinNTFileSystem::normalize (143 bytes)

Stack: [0x0000008910000000,0x0000008910100000]
Native frames: (J=compiled Java code, j=interpreted, Vv=VM code, C=native code)
V  [jvm.dll+0x6d7a39]
V  [jvm.dll+0x8b4b26]
V  [jvm.dll+0x8b70de]
V  [jvm.dll+0x8b77c3]
V  [jvm.dll+0x284346]
V  [jvm.dll+0xc66ed]
V  [jvm.dll+0xc6c31]
V  [jvm.dll+0x3bec3b]
V  [jvm.dll+0x38b162]
V  [jvm.dll+0x38a5aa]
V  [jvm.dll+0x24c560]
V  [jvm.dll+0x24bb40]
V  [jvm.dll+0x1cb34e]
V  [jvm.dll+0x25b85d]
V  [jvm.dll+0x259dea]
V  [jvm.dll+0x3f857e]
V  [jvm.dll+0x85f59d]
V  [jvm.dll+0x6d626d]
C  [ucrtbase.dll+0x37b0]
C  [KERNEL32.DLL+0x2e8d7]
C  [ntdll.dll+0x8c3fc]


---------------  P R O C E S S  ---------------

Threads class SMR info:
_java_thread_list=0x000001a173818f00, length=12, elements={
0x000001a156fec660, 0x000001a16d9d85d0, 0x000001a16d9dbb20, 0x000001a16d9df690,
0x000001a16d9e2100, 0x000001a16d9e2b60, 0x000001a16d9e35c0, 0x000001a16d9e4400,
0x000001a16da63560, 0x000001a16e7fbf80, 0x000001a16e8d4de0, 0x000001a1738129b0
}

Java Threads: ( => current thread )
  0x000001a156fec660 JavaThread "main"                              [_thread_in_native, id=5184, stack(0x000000890f500000,0x000000890f600000) (1024K)]
  0x000001a16d9d85d0 JavaThread "Reference Handler"          daemon [_thread_blocked, id=7604, stack(0x000000890fa00000,0x000000890fb00000) (1024K)]
  0x000001a16d9dbb20 JavaThread "Finalizer"                  daemon [_thread_blocked, id=12108, stack(0x000000890fb00000,0x000000890fc00000) (1024K)]
  0x000001a16d9df690 JavaThread "Signal Dispatcher"          daemon [_thread_blocked, id=9856, stack(0x000000890fc00000,0x000000890fd00000) (1024K)]
  0x000001a16d9e2100 JavaThread "Attach Listener"            daemon [_thread_blocked, id=15816, stack(0x000000890fd00000,0x000000890fe00000) (1024K)]
  0x000001a16d9e2b60 JavaThread "Service Thread"             daemon [_thread_blocked, id=18776, stack(0x000000890fe00000,0x000000890ff00000) (1024K)]
  0x000001a16d9e35c0 JavaThread "Monitor Deflation Thread"   daemon [_thread_blocked, id=17224, stack(0x000000890ff00000,0x0000008910000000) (1024K)]
=>0x000001a16d9e4400 JavaThread "C2 CompilerThread0"         daemon [_thread_in_native, id=18372, stack(0x0000008910000000,0x0000008910100000) (1024K)]
  0x000001a16da63560 JavaThread "C1 CompilerThread0"         daemon [_thread_blocked, id=13188, stack(0x0000008910100000,0x0000008910200000) (1024K)]
  0x000001a16e7fbf80 JavaThread "Common-Cleaner"             daemon [_thread_blocked, id=7828, stack(0x0000008910200000,0x0000008910300000) (1024K)]
  0x000001a16e8d4de0 JavaThread "Notification Thread"        daemon [_thread_blocked, id=12980, stack(0x0000008910300000,0x0000008910400000) (1024K)]
  0x000001a1738129b0 JavaThread "Active Thread: Equinox Container: 4c75a1ea-fccd-46d9-a65c-090c00340571"        [_thread_blocked, id=16516, stack(0x0000008910400000,0x0000008910500000) (1024K)]
Total: 12

Other Threads:
  0x000001a1570ac610 VMThread "VM Thread"                           [id=20620, stack(0x000000890f900000,0x000000890fa00000) (1024K)]
  0x000001a157057ff0 WatcherThread "VM Periodic Task Thread"        [id=13612, stack(0x000000890f800000,0x000000890f900000) (1024K)]
  0x000001a15700b210 WorkerThread "GC Thread#0"                     [id=14792, stack(0x000000890f700000,0x000000890f800000) (1024K)]
  0x000001a17326e730 WorkerThread "GC Thread#1"                     [id=14376, stack(0x0000008910500000,0x0000008910600000) (1024K)]
  0x000001a17326d870 WorkerThread "GC Thread#2"                     [id=12348, stack(0x0000008910600000,0x0000008910700000) (1024K)]
  0x000001a17326d4c0 WorkerThread "GC Thread#3"                     [id=20900, stack(0x0000008910700000,0x0000008910800000) (1024K)]
Total: 6

Threads with active compile tasks:
C2 CompilerThread0  4340 1744       4       java.io.WinNTFileSystem::normalize (143 bytes)
C1 CompilerThread0  4340 1748       3       java.io.WinNTFileSystem::isAbsolute (36 bytes)
Total: 2

VM state: not at safepoint (normal execution)

VM Mutex/Monitor currently owned by a thread: None

Heap address: 0x0000000080000000, size: 2048 MB, Compressed Oops mode: 32-bit

CDS archive(s) mapped at: [0x000001a100000000-0x000001a100ba0000-0x000001a100ba0000), size 12189696, SharedBaseAddress: 0x000001a100000000, ArchiveRelocationMode: 1.
Compressed class space mapped at: 0x000001a101000000-0x000001a141000000, reserved size: 1073741824
Narrow klass base: 0x000001a100000000, Narrow klass shift: 0, Narrow klass range: 0x100000000

GC Precious Log:
 CardTable entry size: 512
 CPUs: 4 total, 4 available
 Memory: 7971M
 Large Page Support: Disabled
 NUMA Support: Disabled
 Compressed Oops: Enabled (32-bit)
 Alignments: Space 512K, Generation 512K, Heap 2M
 Heap Min Capacity: 100M
 Heap Initial Capacity: 100M
 Heap Max Capacity: 2G
 Pre-touch: Disabled
 Parallel Workers: 4

Heap:
 PSYoungGen      total 29696K, used 26406K [0x00000000d5580000, 0x00000000d7680000, 0x0000000100000000)
  eden space 25600K, 90% used [0x00000000d5580000,0x00000000d6c0fbc8,0x00000000d6e80000)
  from space 4096K, 80% used [0x00000000d6e80000,0x00000000d71b9e98,0x00000000d7280000)
  to   space 4096K, 0% used [0x00000000d7280000,0x00000000d7280000,0x00000000d7680000)
 ParOldGen       total 68608K, used 0K [0x0000000080000000, 0x0000000084300000, 0x00000000d5580000)
  object space 68608K, 0% used [0x0000000080000000,0x0000000080000000,0x0000000084300000)
 Metaspace       used 7926K, committed 8192K, reserved 1114112K
  class space    used 831K, committed 960K, reserved 1048576K

Card table byte_map: [0x000001a156990000,0x000001a156da0000] _byte_map_base: 0x000001a156590000

Marking Bits: (ParMarkBitMap*) 0x00007ffdb41d3450
 Begin Bits: [0x000001a1694a0000, 0x000001a16b4a0000)
 End Bits:   [0x000001a16b4a0000, 0x000001a16d4a0000)

Polling page: 0x000001a154ca0000

Metaspace:

Usage:
  Non-class:      6.93 MB used.
      Class:    831.02 KB used.
       Both:      7.74 MB used.

Virtual space:
  Non-class space:       64.00 MB reserved,       7.06 MB ( 11%) committed,  1 nodes.
      Class space:        1.00 GB reserved,     960.00 KB ( <1%) committed,  1 nodes.
             Both:        1.06 GB reserved,       8.00 MB ( <1%) committed. 

Chunk freelists:
   Non-Class:  8.83 MB
       Class:  14.91 MB
        Both:  23.73 MB

MaxMetaspaceSize: unlimited
CompressedClassSpaceSize: 1.00 GB
Initial GC threshold: 21.00 MB
Current GC threshold: 21.00 MB
CDS: on
 - commit_granule_bytes: 65536.
 - commit_granule_words: 8192.
 - virtual_space_node_default_size: 8388608.
 - enlarge_chunks_in_place: 1.
 - use_allocation_guard: 0.


Internal statistics:

num_allocs_failed_limit: 0.
num_arena_births: 228.
num_arena_deaths: 0.
num_vsnodes_births: 2.
num_vsnodes_deaths: 0.
num_space_committed: 128.
num_space_uncommitted: 0.
num_chunks_returned_to_freelist: 0.
num_chunks_taken_from_freelist: 423.
num_chunk_merges: 0.
num_chunk_splits: 271.
num_chunks_enlarged: 177.
num_inconsistent_stats: 0.

CodeHeap 'non-profiled nmethods': size=120000Kb used=755Kb max_used=755Kb free=119244Kb
 bounds [0x000001a161cc0000, 0x000001a161f30000, 0x000001a1691f0000]
CodeHeap 'profiled nmethods': size=120000Kb used=3140Kb max_used=3140Kb free=116859Kb
 bounds [0x000001a15a1f0000, 0x000001a15a510000, 0x000001a161720000]
CodeHeap 'non-nmethods': size=5760Kb used=1225Kb max_used=1253Kb free=4534Kb
 bounds [0x000001a161720000, 0x000001a161990000, 0x000001a161cc0000]
CodeCache: size=245760Kb, used=5120Kb, max_used=5148Kb, free=240637Kb
 total_blobs=2226, nmethods=1744, adapters=389, full_count=0
Compilation: enabled, stopped_count=0, restarted_count=0

Compilation events (20 events):
Event: 4.205 Thread 0x000001a16da63560 nmethod 1734 0x000001a15a4f7d90 code [0x000001a15a4f80a0, 0x000001a15a4f92d8]
Event: 4.213 Thread 0x000001a16da63560 1735       1       sun.nio.fs.NativeBuffer::address (5 bytes)
Event: 4.213 Thread 0x000001a16da63560 nmethod 1735 0x000001a161d7c990 code [0x000001a161d7cb20, 0x000001a161d7cbe8]
Event: 4.223 Thread 0x000001a16da63560 1736       3       java.io.WinNTFileSystem::normalizePrefix (132 bytes)
Event: 4.226 Thread 0x000001a16da63560 nmethod 1736 0x000001a15a4f9a10 code [0x000001a15a4f9e20, 0x000001a15a4fbdc8]
Event: 4.226 Thread 0x000001a16da63560 1737       3       java.net.URL::toExternalForm (9 bytes)
Event: 4.226 Thread 0x000001a16da63560 nmethod 1737 0x000001a15a4fca10 code [0x000001a15a4fcbc0, 0x000001a15a4fcda0]
Event: 4.240 Thread 0x000001a16da63560 1738       3       java.lang.StringBuilder::append (10 bytes)
Event: 4.240 Thread 0x000001a16da63560 nmethod 1738 0x000001a15a4fce90 code [0x000001a15a4fd040, 0x000001a15a4fd190]
Event: 4.245 Thread 0x000001a16da63560 1739       3       java.lang.AbstractStringBuilder::append (67 bytes)
Event: 4.245 Thread 0x000001a16da63560 nmethod 1739 0x000001a15a4fd290 code [0x000001a15a4fd4a0, 0x000001a15a4fdb20]
Event: 4.247 Thread 0x000001a16da63560 1740       3       sun.nio.fs.WindowsPathParser::nextNonSlash (24 bytes)
Event: 4.250 Thread 0x000001a16da63560 nmethod 1740 0x000001a15a4fdd10 code [0x000001a15a4fdf20, 0x000001a15a4fe628]
Event: 4.263 Thread 0x000001a16da63560 1741       3       java.lang.ThreadLocal::get (35 bytes)
Event: 4.264 Thread 0x000001a16da63560 nmethod 1741 0x000001a15a4fe990 code [0x000001a15a4feb60, 0x000001a15a4fee68]
Event: 4.285 Thread 0x000001a16d9e4400 1742       4       java.lang.System::getSecurityManager (12 bytes)
Event: 4.285 Thread 0x000001a16d9e4400 nmethod 1742 0x000001a161d7cc90 code [0x000001a161d7ce00, 0x000001a161d7ce68]
Event: 4.286 Thread 0x000001a16da63560 1743       3       org.eclipse.osgi.framework.util.SecureAction::getProperty (31 bytes)
Event: 4.286 Thread 0x000001a16d9e4400 1744       4       java.io.WinNTFileSystem::normalize (143 bytes)
Event: 4.287 Thread 0x000001a16da63560 nmethod 1743 0x000001a15a4ff010 code [0x000001a15a4ff200, 0x000001a15a4ff658]

GC Heap History (2 events):
Event: 2.655 GC heap before
{Heap before GC invocations=1 (full 0):
 PSYoungGen      total 29696K, used 25600K [0x00000000d5580000, 0x00000000d7680000, 0x0000000100000000)
  eden space 25600K, 100% used [0x00000000d5580000,0x00000000d6e80000,0x00000000d6e80000)
  from space 4096K, 0% used [0x00000000d7280000,0x00000000d7280000,0x00000000d7680000)
  to   space 4096K, 0% used [0x00000000d6e80000,0x00000000d6e80000,0x00000000d7280000)
 ParOldGen       total 68608K, used 0K [0x0000000080000000, 0x0000000084300000, 0x00000000d5580000)
  object space 68608K, 0% used [0x0000000080000000,0x0000000080000000,0x0000000084300000)
 Metaspace       used 4380K, committed 4608K, reserved 1114112K
  class space    used 474K, committed 576K, reserved 1048576K
}
Event: 2.674 GC heap after
{Heap after GC invocations=1 (full 0):
 PSYoungGen      total 29696K, used 3303K [0x00000000d5580000, 0x00000000d7680000, 0x0000000100000000)
  eden space 25600K, 0% used [0x00000000d5580000,0x00000000d5580000,0x00000000d6e80000)
  from space 4096K, 80% used [0x00000000d6e80000,0x00000000d71b9e98,0x00000000d7280000)
  to   space 4096K, 0% used [0x00000000d7280000,0x00000000d7280000,0x00000000d7680000)
 ParOldGen       total 68608K, used 0K [0x0000000080000000, 0x0000000084300000, 0x00000000d5580000)
  object space 68608K, 0% used [0x0000000080000000,0x0000000080000000,0x0000000084300000)
 Metaspace       used 4380K, committed 4608K, reserved 1114112K
  class space    used 474K, committed 576K, reserved 1048576K
}

Dll operation events (8 events):
Event: 0.035 Loaded shared library c:\Users\ACER\.vscode\extensions\redhat.java-1.54.0-win32-x64\jre\21.0.10-win32-x86_64\bin\java.dll
Event: 0.403 Loaded shared library c:\Users\ACER\.vscode\extensions\redhat.java-1.54.0-win32-x64\jre\21.0.10-win32-x86_64\bin\zip.dll
Event: 0.444 Loaded shared library C:\Users\ACER\.vscode\extensions\redhat.java-1.54.0-win32-x64\jre\21.0.10-win32-x86_64\bin\instrument.dll
Event: 0.451 Loaded shared library C:\Users\ACER\.vscode\extensions\redhat.java-1.54.0-win32-x64\jre\21.0.10-win32-x86_64\bin\net.dll
Event: 0.454 Loaded shared library C:\Users\ACER\.vscode\extensions\redhat.java-1.54.0-win32-x64\jre\21.0.10-win32-x86_64\bin\nio.dll
Event: 0.458 Loaded shared library C:\Users\ACER\.vscode\extensions\redhat.java-1.54.0-win32-x64\jre\21.0.10-win32-x86_64\bin\zip.dll
Event: 0.556 Loaded shared library C:\Users\ACER\.vscode\extensions\redhat.java-1.54.0-win32-x64\jre\21.0.10-win32-x86_64\bin\jimage.dll
Event: 0.749 Loaded shared library c:\Users\ACER\.vscode\extensions\redhat.java-1.54.0-win32-x64\jre\21.0.10-win32-x86_64\bin\verify.dll

Deoptimization events (20 events):
Event: 3.705 Thread 0x000001a156fec660 Uncommon trap: trap_request=0xffffff45 fr.pc=0x000001a161d6a4bc relative=0x000000000000009c
Event: 3.705 Thread 0x000001a156fec660 Uncommon trap: reason=unstable_if action=reinterpret pc=0x000001a161d6a4bc method=java.util.concurrent.locks.ReentrantLock$Sync.tryRelease(I)Z @ 26 c2
Event: 3.705 Thread 0x000001a156fec660 DEOPT PACKING pc=0x000001a161d6a4bc sp=0x000000890f5fee90
Event: 3.705 Thread 0x000001a156fec660 DEOPT UNPACKING pc=0x000001a161776da2 sp=0x000000890f5fed50 mode 2
Event: 3.938 Thread 0x000001a156fec660 Uncommon trap: trap_request=0xffffffde fr.pc=0x000001a161d5f650 relative=0x00000000000009d0
Event: 3.938 Thread 0x000001a156fec660 Uncommon trap: reason=class_check action=maybe_recompile pc=0x000001a161d5f650 method=java.util.HashMap.putVal(ILjava/lang/Object;Ljava/lang/Object;ZZ)Ljava/lang/Object; @ 253 c2
Event: 3.938 Thread 0x000001a156fec660 DEOPT PACKING pc=0x000001a161d5f650 sp=0x000000890f5fe770
Event: 3.938 Thread 0x000001a156fec660 DEOPT UNPACKING pc=0x000001a161776da2 sp=0x000000890f5fe698 mode 2
Event: 3.940 Thread 0x000001a156fec660 Uncommon trap: trap_request=0xffffffde fr.pc=0x000001a161d5f650 relative=0x00000000000009d0
Event: 3.940 Thread 0x000001a156fec660 Uncommon trap: reason=class_check action=maybe_recompile pc=0x000001a161d5f650 method=java.util.HashMap.putVal(ILjava/lang/Object;Ljava/lang/Object;ZZ)Ljava/lang/Object; @ 253 c2
Event: 3.940 Thread 0x000001a156fec660 DEOPT PACKING pc=0x000001a161d5f650 sp=0x000000890f5fe770
Event: 3.940 Thread 0x000001a156fec660 DEOPT UNPACKING pc=0x000001a161776da2 sp=0x000000890f5fe698 mode 2
Event: 3.941 Thread 0x000001a156fec660 Uncommon trap: trap_request=0xffffffde fr.pc=0x000001a161d1af94 relative=0x0000000000000934
Event: 3.941 Thread 0x000001a156fec660 Uncommon trap: reason=class_check action=maybe_recompile pc=0x000001a161d1af94 method=java.util.HashMap.putVal(ILjava/lang/Object;Ljava/lang/Object;ZZ)Ljava/lang/Object; @ 253 c2
Event: 3.941 Thread 0x000001a156fec660 DEOPT PACKING pc=0x000001a161d1af94 sp=0x000000890f5fe5e0
Event: 3.941 Thread 0x000001a156fec660 DEOPT UNPACKING pc=0x000001a161776da2 sp=0x000000890f5fe590 mode 2
Event: 4.072 Thread 0x000001a156fec660 DEOPT PACKING pc=0x000001a15a2eed06 sp=0x000000890f5fc810
Event: 4.072 Thread 0x000001a156fec660 DEOPT UNPACKING pc=0x000001a1617778e2 sp=0x000000890f5fbc90 mode 0
Event: 4.078 Thread 0x000001a156fec660 DEOPT PACKING pc=0x000001a15a2eed06 sp=0x000000890f5fca60
Event: 4.078 Thread 0x000001a156fec660 DEOPT UNPACKING pc=0x000001a1617778e2 sp=0x000000890f5fbee0 mode 0

Classes loaded (20 events):
Event: 4.063 Loading class java/security/KeyStoreException
Event: 4.063 Loading class java/security/KeyStoreException done
Event: 4.131 Loading class java/util/LinkedList$Node
Event: 4.131 Loading class java/util/LinkedList$Node done
Event: 4.131 Loading class java/util/LinkedList$ListItr
Event: 4.132 Loading class java/util/LinkedList$ListItr done
Event: 4.133 Loading class java/lang/Thread$Builder$OfPlatform
Event: 4.133 Loading class java/lang/Thread$Builder
Event: 4.133 Loading class java/lang/Thread$Builder done
Event: 4.133 Loading class java/lang/Thread$Builder$OfPlatform done
Event: 4.133 Loading class java/lang/Thread$Builder$OfVirtual
Event: 4.133 Loading class java/lang/Thread$Builder$OfVirtual done
Event: 4.150 Loading class sun/nio/fs/WindowsChannelFactory
Event: 4.150 Loading class sun/nio/fs/WindowsChannelFactory done
Event: 4.150 Loading class sun/nio/fs/WindowsChannelFactory$1
Event: 4.150 Loading class sun/nio/fs/WindowsChannelFactory$1 done
Event: 4.150 Loading class sun/nio/fs/WindowsChannelFactory$Flags
Event: 4.150 Loading class sun/nio/fs/WindowsChannelFactory$Flags done
Event: 4.150 Loading class sun/nio/ch/FileChannelImpl$Closer
Event: 4.151 Loading class sun/nio/ch/FileChannelImpl$Closer done

Classes unloaded (0 events):
No events

Classes redefined (0 events):
No events

Internal exceptions (20 events):
Event: 2.253 Thread 0x000001a156fec660 Exception <a 'java/lang/NoSuchMethodError'{0x00000000d65e76b8}: 'java.lang.Object java.lang.invoke.DirectMethodHandle$Holder.invokeInterface(java.lang.Object, java.lang.Object, int)'> (0x00000000d65e76b8) 
thrown [s\src\hotspot\share\interpreter\linkResolver.cpp, line 773]
Event: 2.452 Thread 0x000001a156fec660 Exception <a 'java/lang/NoSuchMethodError'{0x00000000d6a52698}: 'java.lang.ClassLoader java.lang.ClassLoader.getPlatformClassLoader(java.lang.Class)'> (0x00000000d6a52698) 
thrown [s\src\hotspot\share\interpreter\linkResolver.cpp, line 773]
Event: 2.642 Thread 0x000001a156fec660 Exception <a 'java/lang/ClassNotFoundException'{0x00000000d6e71c90}: sun/net/www/protocol/c/Handler> (0x00000000d6e71c90) 
thrown [s\src\hotspot\share\classfile\systemDictionary.cpp, line 312]
Event: 2.643 Thread 0x000001a156fec660 Exception <a 'java/lang/ClassNotFoundException'{0x00000000d6e73038}: sun/net/www/protocol/c/Handler> (0x00000000d6e73038) 
thrown [s\src\hotspot\share\classfile\systemDictionary.cpp, line 312]
Event: 2.643 Thread 0x000001a156fec660 Exception <a 'java/lang/ClassNotFoundException'{0x00000000d6e74228}: sun/net/www/protocol/c/Handler> (0x00000000d6e74228) 
thrown [s\src\hotspot\share\classfile\systemDictionary.cpp, line 312]
Event: 2.681 Thread 0x000001a156fec660 Exception <a 'java/io/FileNotFoundException'{0x00000000d559e3f8}> (0x00000000d559e3f8) 
thrown [s\src\hotspot\share\prims\jni.cpp, line 520]
Event: 2.752 Thread 0x000001a156fec660 Implicit null exception at 0x000001a161d24cc9 to 0x000001a161d25650
Event: 2.752 Thread 0x000001a156fec660 Implicit null exception at 0x000001a161d2f81a to 0x000001a161d2fa20
Event: 2.753 Thread 0x000001a156fec660 Exception <a 'java/lang/NoSuchMethodError'{0x00000000d56ce2d0}: 'void java.lang.invoke.DirectMethodHandle$Holder.invokeStatic(java.lang.Object, java.lang.Object, java.lang.Object, java.lang.Object)'> (0x00000000d56ce2d0) 
thrown [s\src\hotspot\share\interpreter\linkResolver.cpp, line 773]
Event: 2.754 Thread 0x000001a156fec660 Implicit null exception at 0x000001a161d2853c to 0x000001a161d287c8
Event: 2.755 Thread 0x000001a156fec660 Implicit null exception at 0x000001a161d2813d to 0x000001a161d281c1
Event: 2.915 Thread 0x000001a156fec660 Exception <a 'java/lang/NoSuchMethodError'{0x00000000d5993598}: 'void java.lang.invoke.DirectMethodHandle$Holder.invokeSpecial(java.lang.Object, java.lang.Object, java.lang.Object)'> (0x00000000d5993598) 
thrown [s\src\hotspot\share\interpreter\linkResolver.cpp, line 773]
Event: 3.656 Thread 0x000001a156fec660 Exception <a 'java/lang/NoSuchMethodError'{0x00000000d62adca8}: 'int java.lang.invoke.DirectMethodHandle$Holder.invokeVirtual(java.lang.Object, java.lang.Object)'> (0x00000000d62adca8) 
thrown [s\src\hotspot\share\interpreter\linkResolver.cpp, line 773]
Event: 3.726 Thread 0x000001a156fec660 Exception <a 'java/lang/NoSuchMethodError'{0x00000000d6422830}: 'int java.lang.invoke.DirectMethodHandle$Holder.invokeStaticInit(java.lang.Object, java.lang.Object, java.lang.Object, java.lang.Object)'> (0x00000000d6422830) 
thrown [s\src\hotspot\share\interpreter\linkResolver.cpp, line 773]
Event: 3.728 Thread 0x000001a156fec660 Exception <a 'java/lang/IncompatibleClassChangeError'{0x00000000d642ae88}: Found class java.lang.Object, but interface was expected> (0x00000000d642ae88) 
thrown [s\src\hotspot\share\interpreter\linkResolver.cpp, line 840]
Event: 3.729 Thread 0x000001a156fec660 Exception <a 'java/lang/NoSuchMethodError'{0x00000000d6431438}: 'void java.lang.invoke.DirectMethodHandle$Holder.invokeStaticInit(java.lang.Object, java.lang.Object)'> (0x00000000d6431438) 
thrown [s\src\hotspot\share\interpreter\linkResolver.cpp, line 773]
Event: 3.754 Thread 0x000001a156fec660 Exception <a 'java/lang/NoSuchMethodError'{0x00000000d643a560}: 'int java.lang.invoke.DirectMethodHandle$Holder.invokeStaticInit(java.lang.Object, java.lang.Object)'> (0x00000000d643a560) 
thrown [s\src\hotspot\share\interpreter\linkResolver.cpp, line 773]
Event: 3.921 Thread 0x000001a156fec660 Exception <a 'java/lang/NoSuchMethodError'{0x00000000d6681b88}: 'java.lang.Object java.lang.invoke.DirectMethodHandle$Holder.newInvokeSpecial(java.lang.Object, int, java.lang.Object)'> (0x00000000d6681b88) 
thrown [s\src\hotspot\share\interpreter\linkResolver.cpp, line 773]
Event: 3.982 Thread 0x000001a156fec660 Exception <a 'java/lang/ClassNotFoundException'{0x00000000d6898478}: sun/net/www/protocol/plurl/Handler> (0x00000000d6898478) 
thrown [s\src\hotspot\share\classfile\systemDictionary.cpp, line 312]
Event: 3.983 Thread 0x000001a156fec660 Exception <a 'java/lang/ClassNotFoundException'{0x00000000d68992f8}: sun/net/www/protocol/plurl/Handler> (0x00000000d68992f8) 
thrown [s\src\hotspot\share\classfile\systemDictionary.cpp, line 312]

ZGC Phase Switch (0 events):
No events

VM Operations (20 events):
Event: 1.589 Executing safepoint VM operation: Cleanup
Event: 1.621 Executing safepoint VM operation: Cleanup done
Event: 1.975 Executing non-safepoint VM operation: HandshakeAllThreads (Deoptimize)
Event: 1.975 Executing non-safepoint VM operation: HandshakeAllThreads (Deoptimize) done
Event: 2.023 Executing non-safepoint VM operation: HandshakeAllThreads (Deoptimize)
Event: 2.023 Executing non-safepoint VM operation: HandshakeAllThreads (Deoptimize) done
Event: 2.611 Executing non-safepoint VM operation: HandshakeAllThreads (Deoptimize)
Event: 2.611 Executing non-safepoint VM operation: HandshakeAllThreads (Deoptimize) done
Event: 2.655 Executing safepoint VM operation: ParallelGCFailedAllocation (Allocation Failure)
Event: 2.674 Executing safepoint VM operation: ParallelGCFailedAllocation (Allocation Failure) done
Event: 3.685 Executing safepoint VM operation: Cleanup
Event: 3.685 Executing safepoint VM operation: Cleanup done
Event: 3.861 Executing non-safepoint VM operation: HandshakeAllThreads (Deoptimize)
Event: 3.871 Executing non-safepoint VM operation: HandshakeAllThreads (Deoptimize) done
Event: 3.898 Executing non-safepoint VM operation: HandshakeAllThreads (Deoptimize)
Event: 3.898 Executing non-safepoint VM operation: HandshakeAllThreads (Deoptimize) done
Event: 3.962 Executing non-safepoint VM operation: HandshakeAllThreads (Deoptimize)
Event: 3.962 Executing non-safepoint VM operation: HandshakeAllThreads (Deoptimize) done
Event: 3.977 Executing non-safepoint VM operation: HandshakeAllThreads (Deoptimize)
Event: 3.977 Executing non-safepoint VM operation: HandshakeAllThreads (Deoptimize) done

Memory protections (0 events):
No events

Nmethod flushes (0 events):
No events

Events (20 events):
Event: 0.057 Thread 0x000001a156fec660 Thread added: 0x000001a156fec660
Event: 0.106 Thread 0x000001a156fec660 Thread added: 0x000001a16d9d85d0
Event: 0.106 Thread 0x000001a156fec660 Thread added: 0x000001a16d9dbb20
Event: 0.106 Thread 0x000001a156fec660 Thread added: 0x000001a16d9df690
Event: 0.106 Thread 0x000001a156fec660 Thread added: 0x000001a16d9e2100
Event: 0.106 Thread 0x000001a156fec660 Thread added: 0x000001a16d9e2b60
Event: 0.106 Thread 0x000001a156fec660 Thread added: 0x000001a16d9e35c0
Event: 0.107 Thread 0x000001a156fec660 Thread added: 0x000001a16d9e4400
Event: 0.115 Thread 0x000001a156fec660 Thread added: 0x000001a16da63560
Event: 0.447 Thread 0x000001a156fec660 Thread added: 0x000001a16e7fbf80
Event: 1.255 Thread 0x000001a156fec660 Thread added: 0x000001a16e8d4de0
Event: 1.721 Thread 0x000001a16da63560 Thread added: 0x000001a1730c7d80
Event: 2.239 Thread 0x000001a1730c7d80 Thread exited: 0x000001a1730c7d80
Event: 2.304 Thread 0x000001a16da63560 Thread added: 0x000001a16e8fa330
Event: 2.694 Thread 0x000001a16e8fa330 Thread exited: 0x000001a16e8fa330
Event: 3.000 Thread 0x000001a16da63560 Thread added: 0x000001a16e9f6230
Event: 3.211 Thread 0x000001a16e9f6230 Thread exited: 0x000001a16e9f6230
Event: 3.388 Thread 0x000001a16da63560 Thread added: 0x000001a173806e20
Event: 3.555 Thread 0x000001a173806e20 Thread exited: 0x000001a173806e20
Event: 3.841 Thread 0x000001a156fec660 Thread added: 0x000001a1738129b0


Dynamic libraries:
0x00007ff7aa2e0000 - 0x00007ff7aa2ee000 	c:\Users\ACER\.vscode\extensions\redhat.java-1.54.0-win32-x64\jre\21.0.10-win32-x86_64\bin\java.exe
0x00007ffe422c0000 - 0x00007ffe42527000 	C:\WINDOWS\SYSTEM32\ntdll.dll
0x00007ffe412e0000 - 0x00007ffe413a9000 	C:\WINDOWS\System32\KERNEL32.DLL
0x00007ffe3efb0000 - 0x00007ffe3f3a4000 	C:\WINDOWS\System32\KERNELBASE.dll
0x00007ffe3ec20000 - 0x00007ffe3ed6b000 	C:\WINDOWS\System32\ucrtbase.dll
0x00007ffe1dbf0000 - 0x00007ffe1dc08000 	c:\Users\ACER\.vscode\extensions\redhat.java-1.54.0-win32-x64\jre\21.0.10-win32-x86_64\bin\jli.dll
0x00007ffe41e90000 - 0x00007ffe42055000 	C:\WINDOWS\System32\USER32.dll
0x00007ffe3f7b0000 - 0x00007ffe3f7d7000 	C:\WINDOWS\System32\win32u.dll
0x00007ffe41af0000 - 0x00007ffe41b1b000 	C:\WINDOWS\System32\GDI32.dll
0x00007ffe3f680000 - 0x00007ffe3f7ab000 	C:\WINDOWS\System32\gdi32full.dll
0x00007ffe3f3b0000 - 0x00007ffe3f453000 	C:\WINDOWS\System32\msvcp_win.dll
0x00007ffdfdf90000 - 0x00007ffdfdfae000 	c:\Users\ACER\.vscode\extensions\redhat.java-1.54.0-win32-x64\jre\21.0.10-win32-x86_64\bin\VCRUNTIME140.dll
0x00007ffe1ca00000 - 0x00007ffe1cc93000 	C:\WINDOWS\WinSxS\amd64_microsoft.windows.common-controls_6595b64144ccf1df_6.0.26100.8115_none_3e075c82e3354f9c\COMCTL32.dll
0x00007ffe41d80000 - 0x00007ffe41e29000 	C:\WINDOWS\System32\msvcrt.dll
0x00007ffe41d40000 - 0x00007ffe41d72000 	C:\WINDOWS\System32\IMM32.DLL
0x00007ffe23540000 - 0x00007ffe2354c000 	c:\Users\ACER\.vscode\extensions\redhat.java-1.54.0-win32-x64\jre\21.0.10-win32-x86_64\bin\vcruntime140_1.dll
0x00007ffdee1b0000 - 0x00007ffdee23d000 	c:\Users\ACER\.vscode\extensions\redhat.java-1.54.0-win32-x64\jre\21.0.10-win32-x86_64\bin\msvcp140.dll
0x00007ffdb3510000 - 0x00007ffdb42b1000 	c:\Users\ACER\.vscode\extensions\redhat.java-1.54.0-win32-x64\jre\21.0.10-win32-x86_64\bin\server\jvm.dll
0x00007ffe40940000 - 0x00007ffe409f6000 	C:\WINDOWS\System32\ADVAPI32.dll
0x00007ffe41c90000 - 0x00007ffe41d37000 	C:\WINDOWS\System32\sechost.dll
0x00007ffe402b0000 - 0x00007ffe403c8000 	C:\WINDOWS\System32\RPCRT4.dll
0x00007ffe400d0000 - 0x00007ffe40150000 	C:\WINDOWS\System32\WS2_32.dll
0x00007ffe3e9f0000 - 0x00007ffe3ea4e000 	C:\WINDOWS\SYSTEM32\POWRPROF.dll
0x00007ffe27e70000 - 0x00007ffe27ea6000 	C:\WINDOWS\SYSTEM32\WINMM.dll
0x00007ffe2ead0000 - 0x00007ffe2eadb000 	C:\WINDOWS\SYSTEM32\VERSION.dll
0x00007ffe3e9d0000 - 0x00007ffe3e9e4000 	C:\WINDOWS\SYSTEM32\UMPDC.dll
0x00007ffe3d920000 - 0x00007ffe3d93b000 	C:\WINDOWS\SYSTEM32\kernel.appcore.dll
0x00007ffe03270000 - 0x00007ffe0327a000 	c:\Users\ACER\.vscode\extensions\redhat.java-1.54.0-win32-x64\jre\21.0.10-win32-x86_64\bin\jimage.dll
0x00007ffe3c440000 - 0x00007ffe3c682000 	C:\WINDOWS\SYSTEM32\DBGHELP.DLL
0x00007ffe405b0000 - 0x00007ffe40932000 	C:\WINDOWS\System32\combase.dll
0x00007ffe42060000 - 0x00007ffe42138000 	C:\WINDOWS\System32\OLEAUT32.dll
0x00007ffe24140000 - 0x00007ffe2417b000 	C:\WINDOWS\SYSTEM32\dbgcore.DLL
0x00007ffe3f5d0000 - 0x00007ffe3f675000 	C:\WINDOWS\System32\bcryptPrimitives.dll
0x00007ffe024b0000 - 0x00007ffe024bf000 	c:\Users\ACER\.vscode\extensions\redhat.java-1.54.0-win32-x64\jre\21.0.10-win32-x86_64\bin\instrument.dll
0x00007ffdf1100000 - 0x00007ffdf1120000 	c:\Users\ACER\.vscode\extensions\redhat.java-1.54.0-win32-x64\jre\21.0.10-win32-x86_64\bin\java.dll
0x00007ffe40b10000 - 0x00007ffe41277000 	C:\WINDOWS\System32\SHELL32.dll
0x00007ffe3f460000 - 0x00007ffe3f5ca000 	C:\WINDOWS\System32\wintypes.dll
0x00007ffe3f7e0000 - 0x00007ffe40048000 	C:\WINDOWS\System32\windows.storage.dll
0x00007ffe42140000 - 0x00007ffe42238000 	C:\WINDOWS\System32\SHCORE.dll
0x00007ffe40180000 - 0x00007ffe401e6000 	C:\WINDOWS\System32\shlwapi.dll
0x00007ffe3eab0000 - 0x00007ffe3ead9000 	C:\WINDOWS\SYSTEM32\profapi.dll
0x00007ffe24e70000 - 0x00007ffe24e88000 	c:\Users\ACER\.vscode\extensions\redhat.java-1.54.0-win32-x64\jre\21.0.10-win32-x86_64\bin\zip.dll
0x00007ffe25030000 - 0x00007ffe25040000 	C:\Users\ACER\.vscode\extensions\redhat.java-1.54.0-win32-x64\jre\21.0.10-win32-x86_64\bin\net.dll
0x00007ffe31750000 - 0x00007ffe3187d000 	C:\WINDOWS\SYSTEM32\WINHTTP.dll
0x00007ffe3de90000 - 0x00007ffe3defc000 	C:\WINDOWS\system32\mswsock.dll
0x00007ffe25010000 - 0x00007ffe25026000 	C:\Users\ACER\.vscode\extensions\redhat.java-1.54.0-win32-x64\jre\21.0.10-win32-x86_64\bin\nio.dll
0x00007ffe25000000 - 0x00007ffe25010000 	c:\Users\ACER\.vscode\extensions\redhat.java-1.54.0-win32-x64\jre\21.0.10-win32-x86_64\bin\verify.dll

JVMTI agents:
c:\Users\ACER\.vscode\extensions\redhat.java-1.54.0-win32-x64\lombok\lombok-1.18.39-4050.jar path:c:\Users\ACER\.vscode\extensions\redhat.java-1.54.0-win32-x64\jre\21.0.10-win32-x86_64\bin\instrument.dll, loaded, initialized, instrumentlib options:none

dbghelp: loaded successfully - version: 4.0.5 - missing functions: none
symbol engine: initialized successfully - sym options: 0x614 - pdb path: .;c:\Users\ACER\.vscode\extensions\redhat.java-1.54.0-win32-x64\jre\21.0.10-win32-x86_64\bin;C:\WINDOWS\SYSTEM32;C:\WINDOWS\WinSxS\amd64_microsoft.windows.common-controls_6595b64144ccf1df_6.0.26100.8115_none_3e075c82e3354f9c;c:\Users\ACER\.vscode\extensions\redhat.java-1.54.0-win32-x64\jre\21.0.10-win32-x86_64\bin\server

VM Arguments:
jvm_args: --add-modules=ALL-SYSTEM --add-opens=java.base/java.util=ALL-UNNAMED --add-opens=java.base/java.lang=ALL-UNNAMED --add-opens=java.base/sun.nio.fs=ALL-UNNAMED -Declipse.application=org.eclipse.jdt.ls.core.id1 -Dosgi.bundles.defaultStartLevel=4 -Declipse.product=org.eclipse.jdt.ls.core.product -Djava.import.generatesMetadataFilesAtProjectRoot=false -DDetectVMInstallationsJob.disabled=true -Dfile.encoding=utf8 -XX:+UseParallelGC -XX:GCTimeRatio=4 -XX:AdaptiveSizePolicyWeight=90 -Dsun.zip.disableMemoryMapping=true -Xmx2G -Xms100m -Xlog:disable -javaagent:c:\Users\ACER\.vscode\extensions\redhat.java-1.54.0-win32-x64\lombok\lombok-1.18.39-4050.jar 
java_command: c:\Users\ACER\.vscode\extensions\redhat.java-1.54.0-win32-x64\server\plugins\org.eclipse.equinox.launcher_1.7.100.v20251111-0406.jar -configuration c:\Users\ACER\AppData\Roaming\Code\User\globalStorage\redhat.java\1.54.0\config_ss_win -data c:\Users\ACER\AppData\Roaming\Code\User\workspaceStorage\e4303cd6161268b974f721a675e31056\redhat.java\ss_ws --pipe=\\.\pipe\lsp-0c359d0d0a5d39eda96298210a98d600-sock
java_class_path (initial): c:\Users\ACER\.vscode\extensions\redhat.java-1.54.0-win32-x64\server\plugins\org.eclipse.equinox.launcher_1.7.100.v20251111-0406.jar
Launcher Type: SUN_STANDARD

[Global flags]
    uintx AdaptiveSizePolicyWeight                 = 90                                        {product} {command line}
     intx CICompilerCount                          = 3                                         {product} {ergonomic}
    uintx GCTimeRatio                              = 4                                         {product} {command line}
   size_t InitialHeapSize                          = 104857600                                 {product} {command line}
   size_t MaxHeapSize                              = 2147483648                                {product} {command line}
   size_t MaxNewSize                               = 715653120                                 {product} {ergonomic}
   size_t MinHeapDeltaBytes                        = 524288                                    {product} {ergonomic}
   size_t MinHeapSize                              = 104857600                                 {product} {command line}
   size_t NewSize                                  = 34603008                                  {product} {ergonomic}
    uintx NonNMethodCodeHeapSize                   = 5832780                                {pd product} {ergonomic}
    uintx NonProfiledCodeHeapSize                  = 122912730                              {pd product} {ergonomic}
   size_t OldSize                                  = 70254592                                  {product} {ergonomic}
    uintx ProfiledCodeHeapSize                     = 122912730                              {pd product} {ergonomic}
    uintx ReservedCodeCacheSize                    = 251658240                              {pd product} {ergonomic}
     bool SegmentedCodeCache                       = true                                      {product} {ergonomic}
   size_t SoftMaxHeapSize                          = 2147483648                             {manageable} {ergonomic}
     bool UseCompressedOops                        = true                           {product lp64_product} {ergonomic}
     bool UseLargePagesIndividualAllocation        = false                                  {pd product} {ergonomic}
     bool UseParallelGC                            = true                                      {product} {command line}

Logging:
Log output configuration:
 #0: stdout all=off uptime,level,tags foldmultilines=false
 #1: stderr all=off uptime,level,tags foldmultilines=false

Release file:
JAVA_VERSION="21.0.10" 
MODULES="java.base java.compiler java.datatransfer java.xml java.prefs java.desktop java.instrument java.logging java.management java.security.sasl java.naming java.rmi java.management.rmi java.net.http java.scripting java.security.jgss java.transaction.xa java.sql java.sql.rowset java.xml.crypto java.se java.smartcardio jdk.accessibility jdk.internal.jvmstat jdk.attach jdk.charsets jdk.internal.opt jdk.zipfs jdk.compiler jdk.crypto.ec jdk.crypto.cryptoki jdk.crypto.mscapi jdk.dynalink jdk.internal.ed jdk.editpad jdk.hotspot.agent jdk.httpserver jdk.internal.le jdk.internal.vm.ci jdk.internal.vm.compiler jdk.internal.vm.compiler.management jdk.jartool jdk.javadoc jdk.jcmd jdk.management jdk.management.agent jdk.jconsole jdk.jdeps jdk.jdwp.agent jdk.jdi jdk.jfr jdk.jshell jdk.jsobject jdk.jstatd jdk.localedata jdk.management.jfr jdk.naming.dns jdk.naming.rmi jdk.net jdk.nio.mapmode jdk.random jdk.sctp jdk.security.auth jdk.security.jgss jdk.unsupported jdk.unsupported.desktop jdk.xml.dom" 

Environment Variables:
JAVA_HOME=C:\Program Files\Java\jdk-21.0.6
PATH=C:\Program Files\Java\jdk-21.0.7\bin;C:\Windows\system32;C:\Windows;C:\Windows\System32\Wbem;C:\Windows\System32\WindowsPowerShell\v1.0\;C:\Windows\System32\OpenSSH\;C:\Program Files (x86)\NVIDIA Corporation\PhysX\Common;C:\Program Files\NVIDIA Corporation\NVIDIA NvDLISR;C:\Program Files\Git\cmd;C:\MinGW\bin;C:\Program Files\nodejs\;C:\WINDOWS\system32;C:\WINDOWS;C:\WINDOWS\System32\Wbem;C:\WINDOWS\System32\WindowsPowerShell\v1.0\;C:\WINDOWS\System32\OpenSSH\;C:\Program Files\dotnet\;C:\Users\ACER\Downloads\php-8.3.20-Win32-vs16-x64;C:\xampp\php;C:\ProgramData\ComposerSetup\bin;C:\Program Files\Java\jdk-21.0.6\bin;D:\Android\Sdk\platform-tools;D:\Android\Sdk\cmdline-tools\latest\bin;C:\Users\ACER\Downloads\flutter_windows_3.35.7-stable\flutter\bin;C:\Users\ACER\Downloads\minimal_adb_fastboot_1.4.3_portable;D:\Dev\Dev\Android\sdk\cmdline-tools\latest\bin;D:\Dev\Dev\Android\sdk\platform-tools;C:\Dev\Android\sdk\cmdline-tools\latest\bin;C:\Dev\Android\sdk\platform-tools;C:\sonar-scanner;C:\xampp\php;C:\msys64\ucrt64\bin;C:\Users\ACER\AppData\Roaming\npm;C:\Users\ACER\AppData\Local\Microsoft\WindowsApps;C:\Users\ACER\.dotnet\tools;C:\Users\ACER\AppData\Roaming\Composer\vendor\bin;C:\sonar-scanner\bin;C:\Users\ACER\Downloads\flutter_windows_3.35.3-stable\flutter\bin;D:\Android\Sdk\platform-tools;D:\Android\Sdk\cmdline-tools\latest\bin;D:\flutter\bin
USERNAME=ACER
OS=Windows_NT
PROCESSOR_IDENTIFIER=Intel64 Family 6 Model 140 Stepping 1, GenuineIntel
TMP=C:\Users\ACER\AppData\Local\Temp
TEMP=C:\Users\ACER\AppData\Local\Temp




Periodic native trim disabled

---------------  S Y S T E M  ---------------

OS:
 Windows 11 , 64 bit Build 26100 (10.0.26100.8246)
OS uptime: 0 days 0:06 hours

CPU: total 4 (initial active 4) (2 cores per cpu, 2 threads per core) family 6 model 140 stepping 1 microcode 0x8a, cx8, cmov, fxsr, ht, mmx, 3dnowpref, sse, sse2, sse3, ssse3, sse4.1, sse4.2, popcnt, lzcnt, tsc, tscinvbit, avx, avx2, aes, erms, clmul, bmi1, bmi2, adx, avx512f, avx512dq, avx512cd, avx512bw, avx512vl, sha, fma, vzeroupper, avx512_vpopcntdq, avx512_vpclmulqdq, avx512_vaes, avx512_vnni, clflush, clflushopt, clwb, avx512_vbmi2, avx512_vbmi, rdtscp, rdpid, fsrm, gfni, avx512_bitalg, f16c, pku, cet_ibt, cet_ss, avx512_ifma
Processor Information for the first 4 processors :
  Max Mhz: 2995, Current Mhz: 2995, Mhz Limit: 2995

Memory: 4k page, system-wide physical 7971M (558M free)
TotalPageFile size 12067M (AvailPageFile size 0M)
current process WorkingSet (physical memory assigned to process): 89M, peak: 89M
current process commit charge ("private bytes"): 227M, peak: 227M

vm_info: OpenJDK 64-Bit Server VM (21.0.10+7-LTS) for windows-amd64 JRE (21.0.10+7-LTS), built on 2026-01-20T00:00:00Z by "admin" with MS VC++ 17.12 (VS2022)

END.
